Wed Feb 18 2026 12:02:33 GMT+0000 (Greenwich Mean Time)
Please check the following entries.
Any entries with a key of 'XXXXXXXXXXXXXXXX' should be created in
build-data/sesameMaster.json and tMSBookBuilder.js should be run again for ahom2012
[
{
	"sesame": "Bodhi 2000 CDB, pg. 27",
	"key": "bodhi-nikaya-notes:SN-GenIntro-TheGroundplanOfTheSamyuttaNikaya"
},
{
	"sesame": "Bodhi 2000 CDB, pg. 30",
	"key": "bodhi-nikaya-notes:SN-GenIntro-TheSamyuttaNikayaAndTheSamyuktagama"
},
{
	"sesame": "Bodhi 2000, CDB, pg. 532 (21. Bhikkhusaṁyutta)",
	"key": "bodhi-nikaya-notes:SN-CausationIntro-21Bhikkhusaṃyutta"
},
{
	"sesame": "CDB, note 1, pg. 1397",
	"key": "XXXXXXXXXXXXXXXX"
},
{
	"sesame": "Khuddaka Nikāya",
	"key": "super-blurbs:kn"
},
{
	"sesame": "MLDB, pg. 1188, note 135",
	"key": "XXXXXXXXXXXXXXXX"
},
{
	"sesame": "SN 18",
	"key": "sn-blurbs:sn18"
},
{
	"sesame": "SN 24",
	"key": "sn-blurbs:sn24"
},
{
	"sesame": "SN 25",
	"key": "sn-blurbs:sn25"
},
{
	"sesame": "SN 26",
	"key": "sn-blurbs:sn26"
},
{
	"sesame": "SN 27",
	"key": "sn-blurbs:sn27"
},
{
	"sesame": "SN 35",
	"key": "sn-blurbs:sn35"
},
{
	"sesame": "SN 43",
	"key": "sn-blurbs:sn43"
},
{
	"sesame": "SN 47",
	"key": "sn-blurbs:sn47"
},
{
	"sesame": "SN 49",
	"key": "sn-blurbs:sn49"
},
{
	"sesame": "SN 55",
	"key": "sn-blurbs:sn55"
},
{
	"sesame": "note 1177 in the revised 2001 edition of MLDB",
	"key": "XXXXXXXXXXXXXXXX"
}
]