Tue Jun 24 2025 14:40:43 GMT+0100 (British Summer Time):
There are additional maps to add to biblioMap.json
Please add the folowing to the file and run the script again
[
  {
    "zotref": "",
    "bookref": "Bodhi 2005"
  },
  {
    "zotref": "",
    "bookref": "PED"
  },
  {
    "zotref": "",
    "bookref": "Johansson 1969"
  },
  {
    "zotref": "",
    "bookref": "Ñāṇaponika 1999"
  },
  {
    "zotref": "",
    "bookref": "Ñāṇaponika 1999"
  },
  {
    "zotref": "",
    "bookref": "Bodhi 2000"
  },
  {
    "zotref": "",
    "bookref": "CPD"
  },
  {
    "zotref": "",
    "bookref": "Walshe 1995"
  },
  {
    "zotref": "",
    "bookref": "Bodhi 2005"
  },
  {
    "zotref": "",
    "bookref": "Ñāṇamoli 2001"
  },
  {
    "zotref": "",
    "bookref": "PED"
  },
  {
    "zotref": "",
    "bookref": "Bodhi 2000"
  },
  {
    "zotref": "",
    "bookref": "Norman 1995"
  },
  {
    "zotref": "",
    "bookref": "Ireland 1997"
  },
  {
    "zotref": "",
    "bookref": "Horner"
  },
  {
    "zotref": "",
    "bookref": "Ṭhānissaro 1993a"
  },
  {
    "zotref": "",
    "bookref": "Norman 1991"
  },
  {
    "zotref": "",
    "bookref": "Johansson 1969"
  },
  {
    "zotref": "",
    "bookref": "Johansson 1969"
  },
  {
    "zotref": "",
    "bookref": "CPD"
  },
  {
    "zotref": "",
    "bookref": "DP"
  },
  {
    "zotref": "",
    "bookref": "Ñāṇamoli 2001"
  },
  {
    "zotref": "",
    "bookref": "Johansson 1969"
  },
  {
    "zotref": "",
    "bookref": "Norman 1992"
  },
  {
    "zotref": "",
    "bookref": "Johansson 1969"
  },
  {
    "zotref": "",
    "bookref": "Mahā Boowa 1980"
  },
  {
    "zotref": "",
    "bookref": "PED"
  },
  {
    "zotref": "",
    "bookref": "Bodhi 2000"
  },
  {
    "zotref": "",
    "bookref": "Anālayo 2011"
  },
  {
    "zotref": "",
    "bookref": "Weller 1934"
  },
  {
    "zotref": "",
    "bookref": "Anālayo 2011"
  },
  {
    "zotref": "",
    "bookref": "Bodhi 2000"
  },
  {
    "zotref": "",
    "bookref": "Anālayo 2003"
  },
  {
    "zotref": "",
    "bookref": "Bodhi 2000"
  },
  {
    "zotref": "",
    "bookref": "Bodhi 2000"
  },
  {
    "zotref": "",
    "bookref": "Ṭhānissaro 1993b"
  },
  {
    "zotref": "",
    "bookref": "PED"
  },
  {
    "zotref": "",
    "bookref": "CPD"
  },
  {
    "zotref": "",
    "bookref": "Bodhi 2005"
  },
  {
    "zotref": "",
    "bookref": "Bodhi 2005"
  },
  {
    "zotref": "",
    "bookref": "Bodhi 2005"
  },
  {
    "zotref": "",
    "bookref": "Bodhi 2005"
  }
]