Fri Jun 27 2025 12:58:22 GMT+0100 (British Summer Time)
Please check the following entries.
Any entries with a key of 'XXXXXXXXXXXXXXXX' should be created in
build-data/sesameMaster.json and tMSBookBuilder.js should be run again for niknib
[
{
	"sesame": "Abhidhamma",
	"key": "super-blurbs:abhidhamma"
},
{
	"sesame": "Abhidhammattha Saṅgaha",
	"key": "wp:Abhidhammattha_sangaha"
},
{
	"sesame": "Anattalakkhaṇa Sutta",
	"key": "sn-blurbs:sn22.59"
},
{
	"sesame": "Anupada Sutta",
	"key": "mn-blurbs:mn111"
},
{
	"sesame": "Asaṅkhata Saṁyutta",
	"key": "sn-blurbs:sn43"
},
{
	"sesame": "Aṅguttara Nikāya",
	"key": "super-blurbs:an"
},
{
	"sesame": "Dhammapada",
	"key": "super-blurbs:dhp"
},
{
	"sesame": "Itivuttaka",
	"key": "super-blurbs:iti"
},
{
	"sesame": "Khuddaka Nikāya",
	"key": "super-blurbs:kn"
},
{
	"sesame": "Milindapañha",
	"key": "super-blurbs:mil"
},
{
	"sesame": "Pañca Sutta",
	"key": "sn-blurbs:sn22.59"
},
{
	"sesame": "Salāyatana Saṁyutta",
	"key": "sn-blurbs:sn35"
},
{
	"sesame": "Saṁyutta Nikāya",
	"key": "super-blurbs:sn"
},
{
	"sesame": "Theragāthā",
	"key": "super-blurbs:thag"
},
{
	"sesame": "Ud 8",
	"key": "ud-blurbs:ud-pataligamiyavagga"
},
{
	"sesame": "Udāna",
	"key": "super-blurbs:ud"
},
{
	"sesame": "Vinaya Piṭaka",
	"key": "super-blurbs:vinaya"
},
{
	"sesame": "Yamaka Sutta",
	"key": "sn-blurbs:sn22.85"
}
]