Tue Sep 30 2025 11:44:17 GMT+0100 (British Summer Time)
Please check the following entries.
Any entries with a key of 'XXXXXXXXXXXXXXXX' should be created in
build-data/sesameMaster.json and tMSBookBuilder.js should be run again for gkbk
[
{
	"sesame": "Abhidhamma",
	"key": "super-blurbs:abhidhamma"
},
{
	"sesame": "Abhidhammattha Saṅgaha",
	"key": "wp:Abhidhammattha_sangaha"
},
{
	"sesame": "Abhidharmakośabhāsya",
	"key": "XXXXXXXXXXXXXXXX"
},
{
	"sesame": "Atthasālinī",
	"key": "wp:Atthasālinī:PeMaungTin1920a"
},
{
	"sesame": "Bṛhadāraṇyaka",
	"key": "wp:Brihadaranyaka_Upanishad:OlivelleP 1998a"
},
{
	"sesame": "Bṛhadāraṇyaka Upaniṣad",
	"key": "wp:Brihadaranyaka_Upanishad:OlivelleP 1998a"
},
{
	"sesame": "Carvaka",
	"key": "XXXXXXXXXXXXXXXX"
},
{
	"sesame": "Chāndogya",
	"key": "wp:Chandogya_Upanishad:OlivelleP 1998a"
},
{
	"sesame": "Chāndogya Upaniṣad",
	"key": "wp:Chandogya_Upanishad:OlivelleP 1998a"
},
{
	"sesame": "Cūḷa Kammavibaṅgha Sutta",
	"key": "mn-blurbs:mn135"
},
{
	"sesame": "Devadaha Sutta",
	"key": "mn-blurbs:mn101"
},
{
	"sesame": "Dhammapada Atthakathā",
	"key": "XXXXXXXXXXXXXXXX"
},
{
	"sesame": "Dhammapada Aṭṭhakathā",
	"key": "XXXXXXXXXXXXXXXX"
},
{
	"sesame": "Dharmaśāstras",
	"key": "wp:Dharmaśāstra"
},
{
	"sesame": "Fo Shuo San-shi Yinguo Jing",
	"key": "XXXXXXXXXXXXXXXX"
},
{
	"sesame": "Jātaka",
	"key": "XXXXXXXXXXXXXXXX"
},
{
	"sesame": "Jātakas",
	"key": "XXXXXXXXXXXXXXXX"
},
{
	"sesame": "Kammavibhaṅga",
	"key": "XXXXXXXXXXXXXXXX"
},
{
	"sesame": "Kauṣītaki",
	"key": "wp:Kaushitaki_Upanishad:OlivelleP 1998a"
},
{
	"sesame": "Kauṣītaki Upaniṣad",
	"key": "wp:Kaushitaki_Upanishad:OlivelleP 1998a"
},
{
	"sesame": "Kaṭha Upaniṣad",
	"key": "wp:Katha_Upanishad:OlivelleP 1998a"
},
{
	"sesame": "Kumārajīva",
	"key": "XXXXXXXXXXXXXXXX"
},
{
	"sesame": "Lakkhaṇa Sutta",
	"key": "dn-blurbs:dn30"
},
{
	"sesame": "Mahāvaṁsa Ṭīkā",
	"key": "XXXXXXXXXXXXXXXX"
},
{
	"sesame": "Mahāvīra",
	"key": "DPPN:nigaṇṭha nāṭaputta"
},
{
	"sesame": "Makkhali Gosala",
	"key": "DPPN:makkhali"
},
{
	"sesame": "Milindapañha",
	"key": "super-blurbs:mil"
},
{
	"sesame": "Petavatthu",
	"key": "XXXXXXXXXXXXXXXX"
},
{
	"sesame": "Pāyāsi",
	"key": "DPPN:pāyāsi"
},
{
	"sesame": "Pāḷi Tipiṭaka",
	"key": "wp:Pali_Canon"
},
{
	"sesame": "Samaññaphala Sutta",
	"key": "dn-blurbs:dn2"
},
{
	"sesame": "Satapatha Brāhmaṇa",
	"key": "wp:Shatapatha_Brahmana"
},
{
	"sesame": "Sivaka Sutta",
	"key": "XXXXXXXXXXXXXXXX"
},
{
	"sesame": "Sutta Nipāta",
	"key": "XXXXXXXXXXXXXXXX"
},
{
	"sesame": "Taittirīya Upaniṣad",
	"key": "wp:Taittiriya_Upanishad"
},
{
	"sesame": "Tipiṭaka",
	"key": "XXXXXXXXXXXXXXXX"
},
{
	"sesame": "Upaniṣads",
	"key": "wp:Upanishads"
},
{
	"sesame": "Vimānavatthu",
	"key": "XXXXXXXXXXXXXXXX"
},
{
	"sesame": "Vism.",
	"key": "XXXXXXXXXXXXXXXX"
},
{
	"sesame": "Visuddhimagga",
	"key": "XXXXXXXXXXXXXXXX"
},
{
	"sesame": "Visudhimagga",
	"key": "XXXXXXXXXXXXXXXX"
},
{
	"sesame": "Yājnavalkya",
	"key": "wp:Yajnavalkya"
},
{
	"sesame": "Śvetāsvatara Upaniṣad",
	"key": "wp:Shvetashvatara_Upanishad:OlivelleP 1998a"
}
]