Sun Mar 16 2025 13:28:41 GMT+0000 (Greenwich Mean Time)
Please check the following entries.
Any entries with a key of 'XXXXXXXXXXXXXXXX' should be created in
build-data/sesameMaster.json and tMSBookBuilder.js should be run again for vasy
[
{
	"sesame": "Ajita’s Question Sutta",
	"key": "snp-blurbs:snp5.2"
},
{
	"sesame": "Aṅguttara Nikāya",
	"key": "super-blurbs:an"
},
{
	"sesame": "Baka",
	"key": "wp:Brahmā_(Buddhism)-Baka_Brahmā"
},
{
	"sesame": "Baka Brahmā",
	"key": "wp:Brahmā_(Buddhism)-Baka_Brahmā"
},
{
	"sesame": "Baka Sutta",
	"key": "sn-blurbs:sn6.4"
},
{
	"sesame": "Bodhi in Ñāṇamoli n.509",
	"key": "bodhi-nikaya-notes:MN-509"
},
{
	"sesame": "Brahmajāla Sutta",
	"key": "dn-blurbs:dn1"
},
{
	"sesame": "Brahman",
	"key": "wp:Brahman"
},
{
	"sesame": "Brahmanimantanika Sutta",
	"key": "mn-blurbs:mn49"
},
{
	"sesame": "Brahmā",
	"key": "wp:Brahmā_(Buddhism)"
},
{
	"sesame": "Brahmā Baka",
	"key": "wp:Brahmā_(Buddhism)-Baka_Brahmā"
},
{
	"sesame": "Bṛhadāraṇyaka Upaniṣad",
	"key": "wp:Brihadaranyaka_Upanishad"
},
{
	"sesame": "Chinese Āgamas",
	"key": "super-blurbs:sutta"
},
{
	"sesame": "Fire Discourse",
	"key": "sn-blurbs:sn35.28"
},
{
	"sesame": "Kakacūpama Sutta",
	"key": "mn-blurbs:mn21"
},
{
	"sesame": "Kevaddha (With Kevaddha) Sutta",
	"key": "dn-blurbs:dn11"
},
{
	"sesame": "Kevaddha Sutta",
	"key": "dn-blurbs:dn11"
},
{
	"sesame": "Madhyama Āgama",
	"key": "super-blurbs:ma"
},
{
	"sesame": "Madhyama-āgama",
	"key": "super-blurbs:ma"
},
{
	"sesame": "Mahaparinibbāna Sutta",
	"key": "dn-blurbs:dn16"
},
{
	"sesame": "Majjhima-nikāya",
	"key": "super-blurbs:mn"
},
{
	"sesame": "MuṇU",
	"key": "wp:Mundaka_Upanishad"
},
{
	"sesame": "Muṇḍaka Upaniṣad",
	"key": "wp:Mundaka_Upanishad"
},
{
	"sesame": "Māra",
	"key": "wp:Mara_(demon)"
},
{
	"sesame": "Mūlapariyāya [Sutta]",
	"key": "mn-blurbs:mn1"
},
{
	"sesame": "Nibbānasukha Sutta",
	"key": "an-blurbs:an9.34"
},
{
	"sesame": "Nikāyas",
	"key": "super-blurbs:sutta"
},
{
	"sesame": "Pārāyana Vagga",
	"key": "snp-blurbs:snp-parayanavagga"
},
{
	"sesame": "Saṁyutta Nikāya",
	"key": "super-blurbs:sn"
},
{
	"sesame": "Saṅgīti Sutta",
	"key": "dn-blurbs:dn33"
},
{
	"sesame": "Sutta Nipata",
	"key": "super-blurbs:snp"
},
{
	"sesame": "Taittirīya Upaniṣad",
	"key": "wp:Taittiriya_Upanishad"
},
{
	"sesame": "Upakkilesa (Impurities) Sutta",
	"key": "an-blurbs:an5.23"
},
{
	"sesame": "Upaniṣads",
	"key": "wp:Upanishads"
},
{
	"sesame": "Yājñavalkya",
	"key": "wp:Yajnavalkya"
},
{
	"sesame": "the Pali suttas, and other early suttas",
	"key": "super-blurbs:sutta"
},
{
	"sesame": "Ñāṇamoli & Bodhi n.513.",
	"key": "bodhi-nikaya-notes:MN-513"
},
{
	"sesame": "Ñāṇamoli n.499",
	"key": "bodhi-nikaya-notes:MN-499"
},
{
	"sesame": "Ātman",
	"key": "wp:Ātman_(Hinduism)"
}
]