This is LuaHBTeX, Version 1.18.1 (MiKTeX 24.4) (format=lualatex 2025.1.2)  8 JAN 2025 12:44
 restricted system commands enabled.
**../_resources/book-data/vasy/vasy.tex
(../_resources/book-data/vasy/vasy.tex
LaTeX2e <2024-11-01> patch level 1
L3 programming layer <2024-12-09>
Lua module: luaotfload 2024-02-14 v3.28 Lua based OpenType font support
Lua module: lualibs 2023-07-13 v2.76 ConTeXt Lua standard libraries.
Lua module: lualibs-extended 2023-07-13 v2.76 ConTeXt Lua libraries -- extended 
collection.
luaotfload | conf : Root cache directory is "C:/Users/stuar/AppData/Local/MiKTeX
/luatex-cache/generic/names".
luaotfload | init : Loading fontloader "fontloader-2023-12-28.lua" from kpse-res
olved path "C:/Program Files/MiKTeX/tex/luatex/luaotfload/fontloader-2023-12-28.
lua".
Lua-only attribute luaotfload@noligature = 1
luaotfload | init : Context OpenType loader version 3.134
Inserting `luaotfload.node_processor' in `pre_linebreak_filter'.
Inserting `luaotfload.node_processor' in `hpack_filter'.
Inserting `luaotfload.glyph_stream' in `glyph_stream_provider'.
Inserting `luaotfload.define_font' in `define_font'.
Lua-only attribute luaotfload_color_attribute = 2
luaotfload | conf : Root cache directory is "C:/Users/stuar/AppData/Local/MiKTeX
/luatex-cache/generic/names".
Inserting `luaotfload.harf.strip_prefix' in `find_opentype_file'.
Inserting `luaotfload.harf.strip_prefix' in `find_truetype_file'.
Removing  `luaotfload.glyph_stream' from `glyph_stream_provider'.
Inserting `luaotfload.harf.glyphstream' in `glyph_stream_provider'.
Inserting `luaotfload.harf.finalize_vlist' in `post_linebreak_filter'.
Inserting `luaotfload.harf.finalize_hlist' in `hpack_filter'.
Inserting `luaotfload.cleanup_files' in `wrapup_run'.
Inserting `luaotfload.harf.finalize_unicode' in `finish_pdffile'.
Inserting `luaotfload.glyphinfo' in `glyph_info'.
Lua-only attribute luaotfload.letterspace_done = 3
Inserting `luaotfload.aux.set_sscale_dimens' in `luaotfload.patch_font'.
Inserting `luaotfload.aux.set_font_index' in `luaotfload.patch_font'.
Inserting `luaotfload.aux.patch_cambria_domh' in `luaotfload.patch_font'.
Inserting `luaotfload.aux.fixup_fontdata' in `luaotfload.patch_font_unsafe'.
Inserting `luaotfload.aux.set_capheight' in `luaotfload.patch_font'.
Inserting `luaotfload.aux.set_xheight' in `luaotfload.patch_font'.
Inserting `luaotfload.rewrite_fontname' in `luaotfload.patch_font'.
Inserting `tracingstacklevels' in `input_level_string'. ("C:/Program Files/MiKT
eX/tex/latex/base/book.cls"
Document Class: book 2024/06/29 v1.4n Standard LaTeX document class
("C:/Program Files/MiKTeX/tex/latex/base/bk10.clo"
File: bk10.clo 2024/06/29 v1.4n Standard LaTeX file (size option)
luaotfload | db : Font names database loaded from C:/Users/stuar/AppData/Local/M
iKTeX/luatex-cache/generic/names/luaotfload-names.luc.gz)
\c@part=\count194
\c@chapter=\count195
\c@section=\count196
\c@subsection=\count197
\c@subsubsection=\count198
\c@paragraph=\count199
\c@subparagraph=\count266
\c@figure=\count267
\c@table=\count268
\abovecaptionskip=\skip49
\belowcaptionskip=\skip50
\bibindent=\dimen140
)
("C:/Program Files/MiKTeX/tex/latex/geometry/geometry.sty"
Package: geometry 2020/01/02 v5.9 Page Geometry

("C:/Program Files/MiKTeX/tex/latex/graphics/keyval.sty"
Package: keyval 2022/05/29 v1.15 key=value parser (DPC)
\KV@toks@=\toks17
)
("C:/Program Files/MiKTeX/tex/generic/iftex/ifvtex.sty"
Package: ifvtex 2019/10/25 v1.7 ifvtex legacy package. Use iftex instead.

("C:/Program Files/MiKTeX/tex/generic/iftex/iftex.sty"
Package: iftex 2024/12/12 v1.0g TeX engine tests
))
\Gm@cnth=\count269
\Gm@cntv=\count270
\c@Gm@tempcnt=\count271
\Gm@bindingoffset=\dimen141
\Gm@wd@mp=\dimen142
\Gm@odd@mp=\dimen143
\Gm@even@mp=\dimen144
\Gm@layoutwidth=\dimen145
\Gm@layoutheight=\dimen146
\Gm@layouthoffset=\dimen147
\Gm@layoutvoffset=\dimen148
\Gm@dimlist=\toks18

("C:/Program Files/MiKTeX/tex/latex/geometry/geometry.cfg"))
("C:/Program Files/MiKTeX/tex/latex/graphics/graphicx.sty"
Package: graphicx 2021/09/16 v1.2d Enhanced LaTeX Graphics (DPC,SPQR)

("C:/Program Files/MiKTeX/tex/latex/graphics/graphics.sty"
Package: graphics 2024/08/06 v1.4g Standard LaTeX Graphics (DPC,SPQR)

("C:/Program Files/MiKTeX/tex/latex/graphics/trig.sty"
Package: trig 2023/12/02 v1.11 sin cos tan (DPC)
)
("C:/Program Files/MiKTeX/tex/latex/graphics-cfg/graphics.cfg"
File: graphics.cfg 2016/06/04 v1.11 sample graphics configuration
)
Package graphics Info: Driver file: luatex.def on input line 106.

("C:/Program Files/MiKTeX/tex/latex/graphics-def/luatex.def"
File: luatex.def 2024/04/13 v1.2e Graphics/color driver for luatex
))
\Gin@req@height=\dimen149
\Gin@req@width=\dimen150
)
("C:/Program Files/MiKTeX/tex/latex/fontspec/fontspec.sty"
("C:/Program Files/MiKTeX/tex/latex/l3packages/xparse/xparse.sty"
("C:/Program Files/MiKTeX/tex/latex/l3kernel/expl3.sty"
Package: expl3 2024-12-09 L3 programming layer (loader) 

("C:/Program Files/MiKTeX/tex/latex/l3backend/l3backend-luatex.def"
File: l3backend-luatex.def 2024-05-08 L3 backend support: PDF output (LuaTeX)
\l__color_backend_stack_int=\count272
Inserting `l3color' in `luaotfload.parse_color'.
\l__pdf_internal_box=\box52
))
Package: xparse 2024-08-16 L3 Experimental document command parser
)
Package: fontspec 2024/05/11 v2.9e Font selection for XeLaTeX and LuaLaTeX
Lua module: fontspec 2024/05/11 v2.9e Font selection for XeLaTeX and LuaLaTeX
("C:/Program Files/MiKTeX/tex/latex/fontspec/fontspec-luatex.sty"
Package: fontspec-luatex 2024/05/11 v2.9e Font selection for XeLaTeX and LuaLaT
eX
\l__fontspec_script_int=\count273
\l__fontspec_language_int=\count274
\l__fontspec_strnum_int=\count275
\l__fontspec_tmp_int=\count276
\l__fontspec_tmpa_int=\count277
\l__fontspec_tmpb_int=\count278
\l__fontspec_tmpc_int=\count279
\l__fontspec_em_int=\count280
\l__fontspec_emdef_int=\count281
\l__fontspec_strong_int=\count282
\l__fontspec_strongdef_int=\count283
\l__fontspec_tmpa_dim=\dimen151
\l__fontspec_tmpb_dim=\dimen152
\l__fontspec_tmpc_dim=\dimen153

("C:/Program Files/MiKTeX/tex/latex/base/fontenc.sty"
Package: fontenc 2021/04/29 v2.0v Standard LaTeX package
)
("C:/Program Files/MiKTeX/tex/latex/fontspec/fontspec.cfg")))
("C:/Program Files/MiKTeX/tex/latex/newunicodechar/newunicodechar.sty"
Package: newunicodechar 2018/04/08 v1.2 Defining Unicode characters
)
("C:/Program Files/MiKTeX/tex/latex/titlesec/titlesec.sty"
Package: titlesec 2023/10/27 v2.16 Sectioning titles
\ttl@box=\box53
\beforetitleunit=\skip51
\aftertitleunit=\skip52
\ttl@plus=\dimen154
\ttl@minus=\dimen155
\ttl@toksa=\toks19
\titlewidth=\dimen156
\titlewidthlast=\dimen157
\titlewidthfirst=\dimen158
)
("C:/Program Files/MiKTeX/tex/latex/verse/verse.sty"
Package: verse 2014/05/10 v2.4b verse typesetting
\c@vslineno=\count284
\c@poemline=\count285
\c@fvsline=\count286
\c@modulo@vs=\count287
\c@verse@envctr=\count288
\versewidth=\skip53
\vgap=\skip54
\vindent=\skip55
\stanzaskip=\skip56
\vleftskip=\skip57
\vrightskip=\skip58
\c@chrsinstr=\count289
\beforepoemtitleskip=\skip59
\afterpoemtitleskip=\skip60
)
("C:/Program Files/MiKTeX/tex/latex/hyperref/hyperref.sty"
Package: hyperref 2024-11-05 v7.01l Hypertext links for LaTeX

("C:/Program Files/MiKTeX/tex/latex/kvsetkeys/kvsetkeys.sty"
Package: kvsetkeys 2022-10-05 v1.19 Key value parser (HO)
)
("C:/Program Files/MiKTeX/tex/generic/kvdefinekeys/kvdefinekeys.sty"
Package: kvdefinekeys 2019-12-19 v1.6 Define keys (HO)
)
("C:/Program Files/MiKTeX/tex/generic/pdfescape/pdfescape.sty"
Package: pdfescape 2019/12/09 v1.15 Implements pdfTeX's escape features (HO)

("C:/Program Files/MiKTeX/tex/generic/ltxcmds/ltxcmds.sty"
Package: ltxcmds 2023-12-04 v1.26 LaTeX kernel commands for general use (HO)
)
("C:/Program Files/MiKTeX/tex/generic/pdftexcmds/pdftexcmds.sty"
Package: pdftexcmds 2020-06-27 v0.33 Utility functions of pdfTeX for LuaTeX (HO
)

("C:/Program Files/MiKTeX/tex/generic/infwarerr/infwarerr.sty"
Package: infwarerr 2019/12/03 v1.5 Providing info/warning/error messages (HO)
)
Package pdftexcmds Info: \pdf@primitive is available.
Package pdftexcmds Info: \pdf@ifprimitive is available.
Package pdftexcmds Info: \pdfdraftmode found.
\pdftexcmds@toks=\toks20
))
("C:/Program Files/MiKTeX/tex/latex/hycolor/hycolor.sty"
Package: hycolor 2020-01-27 v1.10 Color options for hyperref/bookmark (HO)
)
("C:/Program Files/MiKTeX/tex/latex/hyperref/nameref.sty"
Package: nameref 2023-11-26 v2.56 Cross-referencing by name of section

("C:/Program Files/MiKTeX/tex/latex/refcount/refcount.sty"
Package: refcount 2019/12/15 v3.6 Data extraction from label references (HO)
)
("C:/Program Files/MiKTeX/tex/generic/gettitlestring/gettitlestring.sty"
Package: gettitlestring 2019/12/15 v1.6 Cleanup title references (HO)

("C:/Program Files/MiKTeX/tex/latex/kvoptions/kvoptions.sty"
Package: kvoptions 2022-06-15 v3.15 Key value format for package options (HO)
))
\c@section@level=\count290
)
("C:/Program Files/MiKTeX/tex/latex/etoolbox/etoolbox.sty"
Package: etoolbox 2020/10/05 v2.5k e-TeX tools for LaTeX (JAW)
\etb@tempcnta=\count291
)
("C:/Program Files/MiKTeX/tex/generic/stringenc/stringenc.sty"
Package: stringenc 2019/11/29 v1.12 Convert strings between diff. encodings (HO
)
)
\@linkdim=\dimen159
\Hy@linkcounter=\count292
\Hy@pagecounter=\count293

("C:/Program Files/MiKTeX/tex/latex/hyperref/pd1enc.def"
File: pd1enc.def 2024-11-05 v7.01l Hyperref: PDFDocEncoding definition (HO)
)
("C:/Program Files/MiKTeX/tex/generic/intcalc/intcalc.sty"
Package: intcalc 2019/12/15 v1.3 Expandable calculations with integers (HO)
)
\Hy@SavedSpaceFactor=\count294

("C:/Program Files/MiKTeX/tex/latex/hyperref/puenc.def"
File: puenc.def 2024-11-05 v7.01l Hyperref: PDF Unicode definition (HO)
)
Package hyperref Info: Option `unicode' set `true' on input line 4040.
Package hyperref Info: Option `hyperfootnotes' set `false' on input line 4040.
Package hyperref Info: Hyper figures OFF on input line 4157.
Package hyperref Info: Link nesting OFF on input line 4162.
Package hyperref Info: Hyper index ON on input line 4165.
Package hyperref Info: Plain pages OFF on input line 4172.
Package hyperref Info: Backreferencing OFF on input line 4177.
Package hyperref Info: Implicit mode ON; LaTeX internals redefined.
Package hyperref Info: Bookmarks ON on input line 4424.
\c@Hy@tempcnt=\count295

("C:/Program Files/MiKTeX/tex/latex/url/url.sty"
\Urlmuskip=\muskip17
Package: url 2013/09/16  ver 3.4  Verb mode for urls, etc.
)
LaTeX Info: Redefining \url on input line 4763.
\XeTeXLinkMargin=\dimen160

("C:/Program Files/MiKTeX/tex/generic/bitset/bitset.sty"
Package: bitset 2019/12/09 v1.3 Handle bit-vector datatype (HO)

("C:/Program Files/MiKTeX/tex/generic/bigintcalc/bigintcalc.sty"
Package: bigintcalc 2019/12/15 v1.5 Expandable calculations on big integers (HO
)
))
\Fld@menulength=\count296
\Field@Width=\dimen161
\Fld@charsize=\dimen162
Package hyperref Info: Hyper figures OFF on input line 6042.
Package hyperref Info: Link nesting OFF on input line 6047.
Package hyperref Info: Hyper index ON on input line 6050.
Package hyperref Info: backreferencing OFF on input line 6057.
Package hyperref Info: Link coloring OFF on input line 6062.
Package hyperref Info: Link coloring with OCG OFF on input line 6067.
Package hyperref Info: PDF/A mode OFF on input line 6072.

("C:/Program Files/MiKTeX/tex/latex/base/atbegshi-ltx.sty"
Package: atbegshi-ltx 2021/01/10 v1.0c Emulation of the original atbegshi
package with kernel methods
)
\Hy@abspage=\count297
\c@Item=\count298
)
Package hyperref Info: Driver (autodetected): hluatex.

("C:/Program Files/MiKTeX/tex/latex/hyperref/hluatex.def"
File: hluatex.def 2024-11-05 v7.01l Hyperref driver for luaTeX

("C:/Program Files/MiKTeX/tex/latex/base/atveryend-ltx.sty"
Package: atveryend-ltx 2020/08/19 v1.0a Emulation of the original atveryend pac
kage
with kernel methods
)
\Fld@listcount=\count299
\c@bookmark@seq@number=\count300

("C:/Program Files/MiKTeX/tex/latex/rerunfilecheck/rerunfilecheck.sty"
Package: rerunfilecheck 2022-07-10 v1.10 Rerun checks for auxiliary files (HO)

("C:/Program Files/MiKTeX/tex/generic/uniquecounter/uniquecounter.sty"
Package: uniquecounter 2019/12/15 v1.4 Provide unlimited unique counter (HO)
)
Package uniquecounter Info: New unique counter `rerunfilecheck' on input line 2
85.
)
\Hy@SectionHShift=\skip61
)
("C:/Program Files/MiKTeX/tex/latex/emptypage/emptypage.sty"
Package: emptypage 2010/05/30 v1.2 Suppress page numbers and headings on empty 
pages
)
Package hyperref Info: Option `colorlinks' set `true' on input line 23.

("C:/Program Files/MiKTeX/tex/latex/microtype/microtype.sty"
Package: microtype 2024/12/12 v3.2 Micro-typographical refinements (RS)
\MT@toks=\toks21
\MT@tempbox=\box54
\MT@count=\count301
LaTeX Info: Redefining \noprotrusionifhmode on input line 1075.
LaTeX Info: Redefining \leftprotrusion on input line 1076.
\MT@prot@toks=\toks22
LaTeX Info: Redefining \rightprotrusion on input line 1095.
LaTeX Info: Redefining \textls on input line 1437.
\MT@outer@kern=\dimen163
LaTeX Info: Redefining \microtypecontext on input line 2041.
LaTeX Info: Redefining \textmicrotypecontext on input line 2058.
\MT@listname@count=\count302

("C:/Program Files/MiKTeX/tex/latex/microtype/microtype-luatex.def"
File: microtype-luatex.def 2024/12/12 v3.2 Definitions specific to luatex (RS)
Lua module: microtype 2024/12/12 v3.2 microtype module.
Module microtype Info: overwriting function `keepligature' on input line 63
LaTeX Info: Redefining \lsstyle on input line 779.
LaTeX Info: Redefining \lslig on input line 779.
\MT@outer@space=\skip62
)
Package microtype Info: Loading configuration file microtype.cfg.

("C:/Program Files/MiKTeX/tex/latex/microtype/microtype.cfg"
File: microtype.cfg 2024/12/12 v3.2 microtype main configuration file (RS)
)
LaTeX Info: Redefining \microtypesetup on input line 3053.
)
("C:/Program Files/MiKTeX/tex/latex/enumitem/enumitem.sty"
Package: enumitem 2019/06/20 v3.9 Customized lists
\labelindent=\skip63
\enit@outerparindent=\dimen164
\enit@toks=\toks23
\enit@inbox=\box55
\enit@count@id=\count303
\enitdp@description=\count304
)
("C:/Program Files/MiKTeX/tex/latex/setspace/setspace.sty"
Package: setspace 2022/12/04 v6.7b set line spacing
)
("C:/Program Files/MiKTeX/tex/latex/fancyhdr/fancyhdr.sty"
Package: fancyhdr 2024/12/09 v4.5 Extensive control of page headers and footers

\f@nch@headwidth=\skip64
\f@nch@O@elh=\skip65
\f@nch@O@erh=\skip66
\f@nch@O@olh=\skip67
\f@nch@O@orh=\skip68
\f@nch@O@elf=\skip69
\f@nch@O@erf=\skip70
\f@nch@O@olf=\skip71
\f@nch@O@orf=\skip72
)
luaotfload | cache : Lookup cache loaded from C:/Users/stuar/AppData/Local/MiKTe
X/luatex-cache/generic/names/luaotfload-lookup-cache.luc.

Package fontspec Info: 
(fontspec)             Font family 'GentiumBookPlus(0)' created for font
(fontspec)             'Gentium Book Plus' with options [Ligatures=TeX].
(fontspec)              
(fontspec)              This font family consists of the following NFSS
(fontspec)             series/shapes:
(fontspec)              
(fontspec)             - 'normal' (m/n) with NFSS spec.: <->"name:Gentium Book
(fontspec)             Plus:mode=node;script=latn;language=dflt;+tlig;"
(fontspec)             - 'small caps'  (m/sc) with NFSS spec.:
(fontspec)             <->"name:Gentium Book
(fontspec)             Plus:mode=node;script=latn;language=dflt;+tlig;+smcp;"
(fontspec)             - 'bold' (b/n) with NFSS spec.: <->"name:Gentium Book
(fontspec)             Plus/B:mode=node;script=latn;language=dflt;+tlig;"
(fontspec)             - 'bold small caps'  (b/sc) with NFSS spec.:
(fontspec)             <->"name:Gentium Book
(fontspec)             Plus/B:mode=node;script=latn;language=dflt;+tlig;+smcp;"

(fontspec)             - 'italic' (m/it) with NFSS spec.: <->"name:Gentium
(fontspec)             Book Plus/I:mode=node;script=latn;language=dflt;+tlig;"
(fontspec)             - 'italic small caps'  (m/scit) with NFSS spec.:
(fontspec)             <->"name:Gentium Book
(fontspec)             Plus/I:mode=node;script=latn;language=dflt;+tlig;+smcp;"

(fontspec)             - 'bold italic' (b/it) with NFSS spec.:
(fontspec)             <->"name:Gentium Book
(fontspec)             Plus/BI:mode=node;script=latn;language=dflt;+tlig;"
(fontspec)             - 'bold italic small caps'  (b/scit) with NFSS spec.:
(fontspec)             <->"name:Gentium Book
(fontspec)             Plus/BI:mode=node;script=latn;language=dflt;+tlig;+smcp;
"


Package fontspec Info: 
(fontspec)             Font family 'LinuxBiolinumO(0)' created for font 'Linux
(fontspec)             Biolinum O' with options [Ligatures=TeX].
(fontspec)              
(fontspec)              This font family consists of the following NFSS
(fontspec)             series/shapes:
(fontspec)              
(fontspec)             - 'normal' (m/n) with NFSS spec.: <->"name:Linux
(fontspec)             Biolinum O:mode=node;script=latn;language=dflt;+tlig;"
(fontspec)             - 'small caps'  (m/sc) with NFSS spec.: <->"name:Linux
(fontspec)             Biolinum
(fontspec)             O:mode=node;script=latn;language=dflt;+tlig;+smcp;"
(fontspec)             - 'bold' (b/n) with NFSS spec.: <->"name:Linux Biolinum
(fontspec)             O/B:mode=node;script=latn;language=dflt;+tlig;"
(fontspec)             - 'bold small caps'  (b/sc) with NFSS spec.:
(fontspec)             <->"name:Linux Biolinum
(fontspec)             O/B:mode=node;script=latn;language=dflt;+tlig;+smcp;"
(fontspec)             - 'italic' (m/it) with NFSS spec.: <->"name:Linux
(fontspec)             Biolinum
(fontspec)             O/I:mode=node;script=latn;language=dflt;+tlig;"
(fontspec)             - 'italic small caps'  (m/scit) with NFSS spec.:
(fontspec)             <->"name:Linux Biolinum
(fontspec)             O/I:mode=node;script=latn;language=dflt;+tlig;+smcp;"
(fontspec)             - 'bold italic' (b/it) with NFSS spec.: <->"name:Linux
(fontspec)             Biolinum
(fontspec)             O/BI:mode=node;script=latn;language=dflt;+tlig;"
(fontspec)             - 'bold italic small caps'  (b/scit) with NFSS spec.:
(fontspec)             <->"name:Linux Biolinum
(fontspec)             O/BI:mode=node;script=latn;language=dflt;+tlig;+smcp;"


Package fontspec Info: 
(fontspec)             Could not resolve font "Wiswo Small Caps/BI" (it
(fontspec)             probably doesn't exist).


Package fontspec Info: 
(fontspec)             Could not resolve font "Wiswo Small Caps/B" (it
(fontspec)             probably doesn't exist).


Package fontspec Info: 
(fontspec)             Could not resolve font "Wiswo Small Caps/I" (it
(fontspec)             probably doesn't exist).


Package fontspec Info: 
(fontspec)             Font family 'WiswoSmallCaps(0)' created for font 'Wiswo
(fontspec)             Small Caps' with options [].
(fontspec)              
(fontspec)              This font family consists of the following NFSS
(fontspec)             series/shapes:
(fontspec)              
(fontspec)             - 'normal' (m/n) with NFSS spec.: <->"name:Wiswo Small
(fontspec)             Caps:mode=node;script=latn;language=dflt;"
(fontspec)             - 'small caps'  (m/sc) with NFSS spec.: <->"name:Wiswo
(fontspec)             Small Caps:mode=node;script=latn;language=dflt;+smcp;"


("C:/Program Files/MiKTeX/tex/latex/footmisc/footmisc.sty"
Package: footmisc 2024/12/24 v6.0g a miscellany of footnote facilities
\FN@temptoken=\toks24
\footnotemargin=\dimen165
\@outputbox@depth=\dimen166
Package footmisc Info: Declaring symbol style bringhurst on input line 699.
Package footmisc Info: Declaring symbol style chicago on input line 707.
Package footmisc Info: Declaring symbol style wiley on input line 716.
Package footmisc Info: Declaring symbol style lamport-robust on input line 727.

Package footmisc Info: Declaring symbol style lamport* on input line 747.
Package footmisc Info: Declaring symbol style lamport*-robust on input line 768
.
)
("C:/Program Files/MiKTeX/tex/latex/tools/verbatim.sty"
Package: verbatim 2024-01-22 v1.5x LaTeX2e package for verbatim enhancements
\every@verbatim=\toks25
\verbatim@line=\toks26
\verbatim@in@stream=\read2
)
(C:/Data/tMS/books/_resources/book-data/vasy/vasy.aux)
\openout1 = vasy.aux

LaTeX Font Info:    Checking defaults for OML/cmm/m/it on input line 186.
LaTeX Font Info:    ... okay on input line 186.
LaTeX Font Info:    Checking defaults for OMS/cmsy/m/n on input line 186.
LaTeX Font Info:    ... okay on input line 186.
LaTeX Font Info:    Checking defaults for OT1/cmr/m/n on input line 186.
LaTeX Font Info:    ... okay on input line 186.
LaTeX Font Info:    Checking defaults for T1/cmr/m/n on input line 186.
LaTeX Font Info:    ... okay on input line 186.
LaTeX Font Info:    Checking defaults for TS1/cmr/m/n on input line 186.
LaTeX Font Info:    ... okay on input line 186.
LaTeX Font Info:    Checking defaults for TU/lmr/m/n on input line 186.
LaTeX Font Info:    ... okay on input line 186.
LaTeX Font Info:    Checking defaults for OMX/cmex/m/n on input line 186.
LaTeX Font Info:    ... okay on input line 186.
LaTeX Font Info:    Checking defaults for U/cmr/m/n on input line 186.
LaTeX Font Info:    ... okay on input line 186.
LaTeX Font Info:    Checking defaults for PD1/pdf/m/n on input line 186.
LaTeX Font Info:    ... okay on input line 186.
LaTeX Font Info:    Checking defaults for PU/pdf/m/n on input line 186.
LaTeX Font Info:    ... okay on input line 186.

*geometry* driver: auto-detecting
*geometry* detected driver: luatex
*geometry* verbose mode - [ preamble ] result:
* driver: luatex
* paper: a5paper
* layout: <same size as paper>
* layoutoffset:(h,v)=(0.0pt,0.0pt)
* modes: twoside 
* h-part:(L,W,R)=(54.2025pt, 312.69579pt, 54.2025pt)
* v-part:(T,H,B)=(54.2025pt, 489.10287pt, 54.2025pt)
* \paperwidth=421.10078pt
* \paperheight=597.50787pt
* \textwidth=312.69579pt
* \textheight=489.10287pt
* \oddsidemargin=-18.06749pt
* \evensidemargin=-18.06749pt
* \topmargin=-48.13498pt
* \headheight=15.0pt
* \headsep=18.06749pt
* \topskip=10.0pt
* \footskip=25.29494pt
* \marginparwidth=125.0pt
* \marginparsep=7.0pt
* \columnsep=10.0pt
* \skip\footins=14.39996pt
* \hoffset=0.0pt
* \voffset=0.0pt
* \mag=1000
* \@twocolumnfalse
* \@twosidetrue
* \@mparswitchtrue
* \@reversemarginfalse
* (1in=72.27pt=25.4mm, 1cm=28.453pt)

("C:/Program Files/MiKTeX/tex/context/base/mkii/supp-pdf.mkii"
[Loading MPS to PDF converter (version 2006.09.02).]
\scratchcounter=\count305
\scratchdimen=\dimen167
\scratchbox=\box56
\nofMPsegments=\count306
\nofMParguments=\count307
\everyMPshowfont=\toks27
\MPscratchCnt=\count308
\MPscratchDim=\dimen168
\MPnumerator=\count309
\makeMPintoPDFobject=\count310
\everyMPtoPDFconversion=\toks28
) ("C:/Program Files/MiKTeX/tex/latex/epstopdf-pkg/epstopdf-base.sty"
Package: epstopdf-base 2020-01-24 v2.11 Base part for package epstopdf
Package epstopdf-base Info: Redefining graphics rule for `.eps' on input line 4
85.

("C:/Program Files/MiKTeX/tex/latex/00miktex/epstopdf-sys.cfg"
File: epstopdf-sys.cfg 2021/03/18 v2.0 Configuration of epstopdf for MiKTeX
))

Package fontspec Info: 
(fontspec)             Adjusting the maths setup (use [no-math] to avoid
(fontspec)             this).

\symlegacymaths=\mathgroup4
LaTeX Font Info:    Overwriting symbol font `legacymaths' in version `bold'
(Font)                  OT1/cmr/m/n --> OT1/cmr/bx/n on input line 186.
LaTeX Font Info:    Redeclaring math accent \acute on input line 186.
LaTeX Font Info:    Redeclaring math accent \grave on input line 186.
LaTeX Font Info:    Redeclaring math accent \ddot on input line 186.
LaTeX Font Info:    Redeclaring math accent \tilde on input line 186.
LaTeX Font Info:    Redeclaring math accent \bar on input line 186.
LaTeX Font Info:    Redeclaring math accent \breve on input line 186.
LaTeX Font Info:    Redeclaring math accent \check on input line 186.
LaTeX Font Info:    Redeclaring math accent \hat on input line 186.
LaTeX Font Info:    Redeclaring math accent \dot on input line 186.
LaTeX Font Info:    Redeclaring math accent \mathring on input line 186.
LaTeX Font Info:    Redeclaring math symbol \colon on input line 186.
LaTeX Font Info:    Redeclaring math symbol \Gamma on input line 186.
LaTeX Font Info:    Redeclaring math symbol \Delta on input line 186.
LaTeX Font Info:    Redeclaring math symbol \Theta on input line 186.
LaTeX Font Info:    Redeclaring math symbol \Lambda on input line 186.
LaTeX Font Info:    Redeclaring math symbol \Xi on input line 186.
LaTeX Font Info:    Redeclaring math symbol \Pi on input line 186.
LaTeX Font Info:    Redeclaring math symbol \Sigma on input line 186.
LaTeX Font Info:    Redeclaring math symbol \Upsilon on input line 186.
LaTeX Font Info:    Redeclaring math symbol \Phi on input line 186.
LaTeX Font Info:    Redeclaring math symbol \Psi on input line 186.
LaTeX Font Info:    Redeclaring math symbol \Omega on input line 186.
LaTeX Font Info:    Redeclaring math symbol \mathdollar on input line 186.
LaTeX Font Info:    Redeclaring symbol font `operators' on input line 186.
LaTeX Font Info:    Encoding `OT1' has changed to `TU' for symbol font
(Font)              `operators' in the math version `normal' on input line 186.

LaTeX Font Info:    Overwriting symbol font `operators' in version `normal'
(Font)                  OT1/cmr/m/n --> TU/GentiumBookPlus(0)/m/n on input line
 186.
LaTeX Font Info:    Encoding `OT1' has changed to `TU' for symbol font
(Font)              `operators' in the math version `bold' on input line 186.
LaTeX Font Info:    Overwriting symbol font `operators' in version `bold'
(Font)                  OT1/cmr/bx/n --> TU/GentiumBookPlus(0)/m/n on input lin
e 186.
LaTeX Font Info:    Overwriting symbol font `operators' in version `normal'
(Font)                  TU/GentiumBookPlus(0)/m/n --> TU/GentiumBookPlus(0)/m/n
 on input line 186.
LaTeX Font Info:    Overwriting math alphabet `\mathit' in version `normal'
(Font)                  OT1/cmr/m/it --> TU/GentiumBookPlus(0)/m/it on input li
ne 186.
LaTeX Font Info:    Overwriting math alphabet `\mathbf' in version `normal'
(Font)                  OT1/cmr/bx/n --> TU/GentiumBookPlus(0)/b/n on input lin
e 186.
LaTeX Font Info:    Overwriting math alphabet `\mathsf' in version `normal'
(Font)                  OT1/cmss/m/n --> TU/LinuxBiolinumO(0)/m/n on input line
 186.
LaTeX Font Info:    Overwriting math alphabet `\mathtt' in version `normal'
(Font)                  OT1/cmtt/m/n --> TU/lmtt/m/n on input line 186.
LaTeX Font Info:    Overwriting symbol font `operators' in version `bold'
(Font)                  TU/GentiumBookPlus(0)/m/n --> TU/GentiumBookPlus(0)/b/n
 on input line 186.
LaTeX Font Info:    Overwriting math alphabet `\mathit' in version `bold'
(Font)                  OT1/cmr/bx/it --> TU/GentiumBookPlus(0)/b/it on input l
ine 186.
LaTeX Font Info:    Overwriting math alphabet `\mathsf' in version `bold'
(Font)                  OT1/cmss/bx/n --> TU/LinuxBiolinumO(0)/b/n on input lin
e 186.
LaTeX Font Info:    Overwriting math alphabet `\mathtt' in version `bold'
(Font)                  OT1/cmtt/m/n --> TU/lmtt/b/n on input line 186.

("C:/Program Files/MiKTeX/tex/latex/graphics/color.sty"
Package: color 2024/06/23 v1.3e Standard LaTeX Color (DPC)

("C:/Program Files/MiKTeX/tex/latex/graphics-cfg/color.cfg"
File: color.cfg 2016/01/02 v1.6 sample color configuration
)
Package color Info: Driver file: luatex.def on input line 149.

("C:/Program Files/MiKTeX/tex/latex/graphics/mathcolor.ltx"))
Package hyperref Info: Link coloring ON on input line 186.

(C:/Data/tMS/books/_resources/book-data/vasy/vasy.out)
(C:/Data/tMS/books/_resources/book-data/vasy/vasy.out)
\@outlinefile=\write3

\openout3 = vasy.out
LaTeX Info: Redefining \microtypecontext on input line 186.
Package microtype Info: Applying patch `item' on input line 186.
Package microtype Info: Applying patch `toc' on input line 186.
Package microtype Info: Applying patch `eqnum' on input line 186.
Package microtype Info: Applying patch `footnote' on input line 186.
Package microtype Info: Applying patch `verbatim' on input line 186.
LaTeX Info: Redefining \microtypesetup on input line 186.
Package microtype Info: Generating PDF output.
Package microtype Info: Character protrusion enabled (level 2).
Package microtype Info: Using default protrusion set `alltext'.
Package microtype Info: Automatic font expansion enabled (level 2),
(microtype)             stretch: 20, shrink: 20, step: 1, non-selected.
Package microtype Info: Using default expansion set `alltext-nott'.
LaTeX Info: Redefining \showhyphens on input line 186.
Package microtype Info: No adjustment of tracking.
Package microtype Info: No adjustment of spacing.
Package microtype Info: No adjustment of kerning.
Package microtype Info: Loading generic protrusion settings for font family
(microtype)             `GentiumBookPlus' (encoding: TU).
(microtype)             For optimal results, create family-specific settings.
(microtype)             See the microtype manual for details.
<../_resources/book-data/vasy/FrontLarge.jpg, id=55, 144.54pt x 216.81pt>
File: ../_resources/book-data/vasy/FrontLarge.jpg Graphic file (type jpg)
<use ../_resources/book-data/vasy/FrontLarge.jpg>
Package luatex.def Info: ../_resources/book-data/vasy/FrontLarge.jpg  used on i
nput line 192.
(luatex.def)             Requested size: 289.07925pt x 433.61893pt.


[1


<../_resources/book-data/vasy/FrontLarge.jpg>]

[2]
Package microtype Info: Loading generic protrusion settings for font family
(microtype)             `WiswoSmallCaps' (encoding: TU).
(microtype)             For optimal results, create family-specific settings.
(microtype)             See the microtype manual for details.
<../_resources/images/icons/logo-enso-large.png, id=65, 437.635pt x 434.62375pt
>
File: ../_resources/images/icons/logo-enso-large.png Graphic file (type png)
<use ../_resources/images/icons/logo-enso-large.png>
Package luatex.def Info: ../_resources/images/icons/logo-enso-large.png  used o
n input line 210.
(luatex.def)             Requested size: 25.95584pt x 25.2934pt.


[3{C:/Users/stuar/AppData/Local/MiKTeX/fonts/map/pdftex/pdftex.map}<../_resource
s/images/icons/logo-enso-large.png>]
Package microtype Info: Loading generic protrusion settings for font family
(microtype)             `LinuxBiolinumO' (encoding: TU).
(microtype)             For optimal results, create family-specific settings.
(microtype)             See the microtype manual for details.

Underfull \hbox (badness 10000) in paragraph at lines 221--222

 []


Underfull \hbox (badness 10000) in paragraph at lines 223--224

 []


Underfull \hbox (badness 10000) in paragraph at lines 225--226

 []



[4] (C:/Data/tMS/books/_resources/book-data/vasy/vasy.toc
LaTeX Font Info:    External font `cmex10' loaded for size
(Font)              <7> on input line 3.
LaTeX Font Info:    External font `cmex10' loaded for size
(Font)              <5> on input line 3.

("C:/Program Files/MiKTeX/tex/latex/microtype/mt-cmr.cfg"
File: mt-cmr.cfg 2013/05/19 v2.2 microtype config. file: Computer Modern Roman 
(RS)
))
\tf@toc=\write4

\openout4 = vasy.toc


[5

]

[6

]
! Illegal unit of measure (pt inserted).
<to be read again> 
\hrule 
l.287 T
     his essay analyzes rare terms in abstract texts. However, it also illus...
Dimensions can be in units of em, ex, in, pt, pc,
cm, mm, dd, cc, nd, nc, bp, or sp; but yours is a new one!
I'll assume that you meant to say pt, for printer's points.
To recover gracefully from this error, it's best to
delete the erroneous units; e.g., type `2' to delete
two letters. (See Chapter 27 of The TeXbook.)

! Illegal unit of measure (pt inserted).
<to be read again> 
}
l.287 T
     his essay analyzes rare terms in abstract texts. However, it also illus...
Dimensions can be in units of em, ex, in, pt, pc,
cm, mm, dd, cc, nd, nc, bp, or sp; but yours is a new one!
I'll assume that you meant to say pt, for printer's points.
To recover gracefully from this error, it's best to
delete the erroneous units; e.g., type `2' to delete
two letters. (See Chapter 27 of The TeXbook.)



[1

]
! Illegal unit of measure (pt inserted).
<to be read again> 
\hrule 
l.293 \chapter
            {1. The Kevaddha Sutta}
Dimensions can be in units of em, ex, in, pt, pc,
cm, mm, dd, cc, nd, nc, bp, or sp; but yours is a new one!
I'll assume that you meant to say pt, for printer's points.
To recover gracefully from this error, it's best to
delete the erroneous units; e.g., type `2' to delete
two letters. (See Chapter 27 of The TeXbook.)

! Illegal unit of measure (pt inserted).
<to be read again> 
}
l.293 \chapter
            {1. The Kevaddha Sutta}
Dimensions can be in units of em, ex, in, pt, pc,
cm, mm, dd, cc, nd, nc, bp, or sp; but yours is a new one!
I'll assume that you meant to say pt, for printer's points.
To recover gracefully from this error, it's best to
delete the erroneous units; e.g., type `2' to delete
two letters. (See Chapter 27 of The TeXbook.)



[2]
! Illegal unit of measure (pt inserted).
<to be read again> 
\hrule 
l.301 
    
Dimensions can be in units of em, ex, in, pt, pc,
cm, mm, dd, cc, nd, nc, bp, or sp; but yours is a new one!
I'll assume that you meant to say pt, for printer's points.
To recover gracefully from this error, it's best to
delete the erroneous units; e.g., type `2' to delete
two letters. (See Chapter 27 of The TeXbook.)

! Illegal unit of measure (pt inserted).
<to be read again> 
}
l.301 
    
Dimensions can be in units of em, ex, in, pt, pc,
cm, mm, dd, cc, nd, nc, bp, or sp; but yours is a new one!
I'll assume that you meant to say pt, for printer's points.
To recover gracefully from this error, it's best to
delete the erroneous units; e.g., type `2' to delete
two letters. (See Chapter 27 of The TeXbook.)



[3

]
! Illegal unit of measure (pt inserted).
<to be read again> 
\hrule 
l.342 \begin{quote}
                 
Dimensions can be in units of em, ex, in, pt, pc,
cm, mm, dd, cc, nd, nc, bp, or sp; but yours is a new one!
I'll assume that you meant to say pt, for printer's points.
To recover gracefully from this error, it's best to
delete the erroneous units; e.g., type `2' to delete
two letters. (See Chapter 27 of The TeXbook.)

! Illegal unit of measure (pt inserted).
<to be read again> 
}
l.342 \begin{quote}
                 
Dimensions can be in units of em, ex, in, pt, pc,
cm, mm, dd, cc, nd, nc, bp, or sp; but yours is a new one!
I'll assume that you meant to say pt, for printer's points.
To recover gracefully from this error, it's best to
delete the erroneous units; e.g., type `2' to delete
two letters. (See Chapter 27 of The TeXbook.)



[4]
! Illegal unit of measure (pt inserted).
<to be read again> 
\hrule 
l.368 
    
Dimensions can be in units of em, ex, in, pt, pc,
cm, mm, dd, cc, nd, nc, bp, or sp; but yours is a new one!
I'll assume that you meant to say pt, for printer's points.
To recover gracefully from this error, it's best to
delete the erroneous units; e.g., type `2' to delete
two letters. (See Chapter 27 of The TeXbook.)

! Illegal unit of measure (pt inserted).
<to be read again> 
}
l.368 
    
Dimensions can be in units of em, ex, in, pt, pc,
cm, mm, dd, cc, nd, nc, bp, or sp; but yours is a new one!
I'll assume that you meant to say pt, for printer's points.
To recover gracefully from this error, it's best to
delete the erroneous units; e.g., type `2' to delete
two letters. (See Chapter 27 of The TeXbook.)



[5]

[6]
! Illegal unit of measure (pt inserted).
<to be read again> 
\hrule 
l.436 
    
Dimensions can be in units of em, ex, in, pt, pc,
cm, mm, dd, cc, nd, nc, bp, or sp; but yours is a new one!
I'll assume that you meant to say pt, for printer's points.
To recover gracefully from this error, it's best to
delete the erroneous units; e.g., type `2' to delete
two letters. (See Chapter 27 of The TeXbook.)

! Illegal unit of measure (pt inserted).
<to be read again> 
}
l.436 
    
Dimensions can be in units of em, ex, in, pt, pc,
cm, mm, dd, cc, nd, nc, bp, or sp; but yours is a new one!
I'll assume that you meant to say pt, for printer's points.
To recover gracefully from this error, it's best to
delete the erroneous units; e.g., type `2' to delete
two letters. (See Chapter 27 of The TeXbook.)



[7]
! Illegal unit of measure (pt inserted).
<to be read again> 
\hrule 
l.442 
    
Dimensions can be in units of em, ex, in, pt, pc,
cm, mm, dd, cc, nd, nc, bp, or sp; but yours is a new one!
I'll assume that you meant to say pt, for printer's points.
To recover gracefully from this error, it's best to
delete the erroneous units; e.g., type `2' to delete
two letters. (See Chapter 27 of The TeXbook.)

! Illegal unit of measure (pt inserted).
<to be read again> 
}
l.442 
    
Dimensions can be in units of em, ex, in, pt, pc,
cm, mm, dd, cc, nd, nc, bp, or sp; but yours is a new one!
I'll assume that you meant to say pt, for printer's points.
To recover gracefully from this error, it's best to
delete the erroneous units; e.g., type `2' to delete
two letters. (See Chapter 27 of The TeXbook.)



[8]
! Illegal unit of measure (pt inserted).
<to be read again> 
\hrule 
l.451 
    
Dimensions can be in units of em, ex, in, pt, pc,
cm, mm, dd, cc, nd, nc, bp, or sp; but yours is a new one!
I'll assume that you meant to say pt, for printer's points.
To recover gracefully from this error, it's best to
delete the erroneous units; e.g., type `2' to delete
two letters. (See Chapter 27 of The TeXbook.)

! Illegal unit of measure (pt inserted).
<to be read again> 
}
l.451 
    
Dimensions can be in units of em, ex, in, pt, pc,
cm, mm, dd, cc, nd, nc, bp, or sp; but yours is a new one!
I'll assume that you meant to say pt, for printer's points.
To recover gracefully from this error, it's best to
delete the erroneous units; e.g., type `2' to delete
two letters. (See Chapter 27 of The TeXbook.)



[9]
! Illegal unit of measure (pt inserted).
<to be read again> 
\hrule 
l.471 \end{quote}
               
Dimensions can be in units of em, ex, in, pt, pc,
cm, mm, dd, cc, nd, nc, bp, or sp; but yours is a new one!
I'll assume that you meant to say pt, for printer's points.
To recover gracefully from this error, it's best to
delete the erroneous units; e.g., type `2' to delete
two letters. (See Chapter 27 of The TeXbook.)

! Illegal unit of measure (pt inserted).
<to be read again> 
}
l.471 \end{quote}
               
Dimensions can be in units of em, ex, in, pt, pc,
cm, mm, dd, cc, nd, nc, bp, or sp; but yours is a new one!
I'll assume that you meant to say pt, for printer's points.
To recover gracefully from this error, it's best to
delete the erroneous units; e.g., type `2' to delete
two letters. (See Chapter 27 of The TeXbook.)



[10]
! Illegal unit of measure (pt inserted).
<to be read again> 
\hrule 
l.495 
    
Dimensions can be in units of em, ex, in, pt, pc,
cm, mm, dd, cc, nd, nc, bp, or sp; but yours is a new one!
I'll assume that you meant to say pt, for printer's points.
To recover gracefully from this error, it's best to
delete the erroneous units; e.g., type `2' to delete
two letters. (See Chapter 27 of The TeXbook.)

! Illegal unit of measure (pt inserted).
<to be read again> 
}
l.495 
    
Dimensions can be in units of em, ex, in, pt, pc,
cm, mm, dd, cc, nd, nc, bp, or sp; but yours is a new one!
I'll assume that you meant to say pt, for printer's points.
To recover gracefully from this error, it's best to
delete the erroneous units; e.g., type `2' to delete
two letters. (See Chapter 27 of The TeXbook.)



[11]
! Illegal unit of measure (pt inserted).
<to be read again> 
\hrule 
l.519 C
     ontrary to what others have argued, \textit{uparujjhati} is simply a ...
Dimensions can be in units of em, ex, in, pt, pc,
cm, mm, dd, cc, nd, nc, bp, or sp; but yours is a new one!
I'll assume that you meant to say pt, for printer's points.
To recover gracefully from this error, it's best to
delete the erroneous units; e.g., type `2' to delete
two letters. (See Chapter 27 of The TeXbook.)

! Illegal unit of measure (pt inserted).
<to be read again> 
}
l.519 C
     ontrary to what others have argued, \textit{uparujjhati} is simply a ...
Dimensions can be in units of em, ex, in, pt, pc,
cm, mm, dd, cc, nd, nc, bp, or sp; but yours is a new one!
I'll assume that you meant to say pt, for printer's points.
To recover gracefully from this error, it's best to
delete the erroneous units; e.g., type `2' to delete
two letters. (See Chapter 27 of The TeXbook.)



[12]
! Illegal unit of measure (pt inserted).
<to be read again> 
\hrule 
l.537 \chapter
            {2. The Brahmanimantanika Sutta}
Dimensions can be in units of em, ex, in, pt, pc,
cm, mm, dd, cc, nd, nc, bp, or sp; but yours is a new one!
I'll assume that you meant to say pt, for printer's points.
To recover gracefully from this error, it's best to
delete the erroneous units; e.g., type `2' to delete
two letters. (See Chapter 27 of The TeXbook.)

! Illegal unit of measure (pt inserted).
<to be read again> 
}
l.537 \chapter
            {2. The Brahmanimantanika Sutta}
Dimensions can be in units of em, ex, in, pt, pc,
cm, mm, dd, cc, nd, nc, bp, or sp; but yours is a new one!
I'll assume that you meant to say pt, for printer's points.
To recover gracefully from this error, it's best to
delete the erroneous units; e.g., type `2' to delete
two letters. (See Chapter 27 of The TeXbook.)



[13]

[14

]
! Illegal unit of measure (pt inserted).
<to be read again> 
\hrule 
l.551 
    
Dimensions can be in units of em, ex, in, pt, pc,
cm, mm, dd, cc, nd, nc, bp, or sp; but yours is a new one!
I'll assume that you meant to say pt, for printer's points.
To recover gracefully from this error, it's best to
delete the erroneous units; e.g., type `2' to delete
two letters. (See Chapter 27 of The TeXbook.)

! Illegal unit of measure (pt inserted).
<to be read again> 
}
l.551 
    
Dimensions can be in units of em, ex, in, pt, pc,
cm, mm, dd, cc, nd, nc, bp, or sp; but yours is a new one!
I'll assume that you meant to say pt, for printer's points.
To recover gracefully from this error, it's best to
delete the erroneous units; e.g., type `2' to delete
two letters. (See Chapter 27 of The TeXbook.)



[15]
! Illegal unit of measure (pt inserted).
<to be read again> 
\hrule 
l.562 T
     here are also some good contextual reasons to attribute the words to Baka:
Dimensions can be in units of em, ex, in, pt, pc,
cm, mm, dd, cc, nd, nc, bp, or sp; but yours is a new one!
I'll assume that you meant to say pt, for printer's points.
To recover gracefully from this error, it's best to
delete the erroneous units; e.g., type `2' to delete
two letters. (See Chapter 27 of The TeXbook.)

! Illegal unit of measure (pt inserted).
<to be read again> 
}
l.562 T
     here are also some good contextual reasons to attribute the words to Baka:
Dimensions can be in units of em, ex, in, pt, pc,
cm, mm, dd, cc, nd, nc, bp, or sp; but yours is a new one!
I'll assume that you meant to say pt, for printer's points.
To recover gracefully from this error, it's best to
delete the erroneous units; e.g., type `2' to delete
two letters. (See Chapter 27 of The TeXbook.)



[16]
! Illegal unit of measure (pt inserted).
<to be read again> 
\hrule 
l.596 A
      third option is that neither the Buddha nor Baka ever spoke these word...
Dimensions can be in units of em, ex, in, pt, pc,
cm, mm, dd, cc, nd, nc, bp, or sp; but yours is a new one!
I'll assume that you meant to say pt, for printer's points.
To recover gracefully from this error, it's best to
delete the erroneous units; e.g., type `2' to delete
two letters. (See Chapter 27 of The TeXbook.)

! Illegal unit of measure (pt inserted).
<to be read again> 
}
l.596 A
      third option is that neither the Buddha nor Baka ever spoke these word...
Dimensions can be in units of em, ex, in, pt, pc,
cm, mm, dd, cc, nd, nc, bp, or sp; but yours is a new one!
I'll assume that you meant to say pt, for printer's points.
To recover gracefully from this error, it's best to
delete the erroneous units; e.g., type `2' to delete
two letters. (See Chapter 27 of The TeXbook.)



[17]
! Illegal unit of measure (pt inserted).
<to be read again> 
\hrule 
l.602 \chapter
            {Conclusion}
Dimensions can be in units of em, ex, in, pt, pc,
cm, mm, dd, cc, nd, nc, bp, or sp; but yours is a new one!
I'll assume that you meant to say pt, for printer's points.
To recover gracefully from this error, it's best to
delete the erroneous units; e.g., type `2' to delete
two letters. (See Chapter 27 of The TeXbook.)

! Illegal unit of measure (pt inserted).
<to be read again> 
}
l.602 \chapter
            {Conclusion}
Dimensions can be in units of em, ex, in, pt, pc,
cm, mm, dd, cc, nd, nc, bp, or sp; but yours is a new one!
I'll assume that you meant to say pt, for printer's points.
To recover gracefully from this error, it's best to
delete the erroneous units; e.g., type `2' to delete
two letters. (See Chapter 27 of The TeXbook.)



[18]
! Illegal unit of measure (pt inserted).
<to be read again> 
\hrule 
l.609 \chapter
            {Addendum (2024)}
Dimensions can be in units of em, ex, in, pt, pc,
cm, mm, dd, cc, nd, nc, bp, or sp; but yours is a new one!
I'll assume that you meant to say pt, for printer's points.
To recover gracefully from this error, it's best to
delete the erroneous units; e.g., type `2' to delete
two letters. (See Chapter 27 of The TeXbook.)

! Illegal unit of measure (pt inserted).
<to be read again> 
}
l.609 \chapter
            {Addendum (2024)}
Dimensions can be in units of em, ex, in, pt, pc,
cm, mm, dd, cc, nd, nc, bp, or sp; but yours is a new one!
I'll assume that you meant to say pt, for printer's points.
To recover gracefully from this error, it's best to
delete the erroneous units; e.g., type `2' to delete
two letters. (See Chapter 27 of The TeXbook.)



[19

]

[20

]
! Illegal unit of measure (pt inserted).
<to be read again> 
\hrule 
l.620 
    
Dimensions can be in units of em, ex, in, pt, pc,
cm, mm, dd, cc, nd, nc, bp, or sp; but yours is a new one!
I'll assume that you meant to say pt, for printer's points.
To recover gracefully from this error, it's best to
delete the erroneous units; e.g., type `2' to delete
two letters. (See Chapter 27 of The TeXbook.)

! Illegal unit of measure (pt inserted).
<to be read again> 
}
l.620 
    
Dimensions can be in units of em, ex, in, pt, pc,
cm, mm, dd, cc, nd, nc, bp, or sp; but yours is a new one!
I'll assume that you meant to say pt, for printer's points.
To recover gracefully from this error, it's best to
delete the erroneous units; e.g., type `2' to delete
two letters. (See Chapter 27 of The TeXbook.)



[21]
! Illegal unit of measure (pt inserted).
<to be read again> 
\hrule 
l.632 
    
Dimensions can be in units of em, ex, in, pt, pc,
cm, mm, dd, cc, nd, nc, bp, or sp; but yours is a new one!
I'll assume that you meant to say pt, for printer's points.
To recover gracefully from this error, it's best to
delete the erroneous units; e.g., type `2' to delete
two letters. (See Chapter 27 of The TeXbook.)

! Illegal unit of measure (pt inserted).
<to be read again> 
}
l.632 
    
Dimensions can be in units of em, ex, in, pt, pc,
cm, mm, dd, cc, nd, nc, bp, or sp; but yours is a new one!
I'll assume that you meant to say pt, for printer's points.
To recover gracefully from this error, it's best to
delete the erroneous units; e.g., type `2' to delete
two letters. (See Chapter 27 of The TeXbook.)



[22]
! Illegal unit of measure (pt inserted).
<to be read again> 
\hrule 
l.644 
    
Dimensions can be in units of em, ex, in, pt, pc,
cm, mm, dd, cc, nd, nc, bp, or sp; but yours is a new one!
I'll assume that you meant to say pt, for printer's points.
To recover gracefully from this error, it's best to
delete the erroneous units; e.g., type `2' to delete
two letters. (See Chapter 27 of The TeXbook.)

! Illegal unit of measure (pt inserted).
<to be read again> 
}
l.644 
    
Dimensions can be in units of em, ex, in, pt, pc,
cm, mm, dd, cc, nd, nc, bp, or sp; but yours is a new one!
I'll assume that you meant to say pt, for printer's points.
To recover gracefully from this error, it's best to
delete the erroneous units; e.g., type `2' to delete
two letters. (See Chapter 27 of The TeXbook.)



[23]
! Illegal unit of measure (pt inserted).
<to be read again> 
\hrule 
l.653 
    
Dimensions can be in units of em, ex, in, pt, pc,
cm, mm, dd, cc, nd, nc, bp, or sp; but yours is a new one!
I'll assume that you meant to say pt, for printer's points.
To recover gracefully from this error, it's best to
delete the erroneous units; e.g., type `2' to delete
two letters. (See Chapter 27 of The TeXbook.)

! Illegal unit of measure (pt inserted).
<to be read again> 
}
l.653 
    
Dimensions can be in units of em, ex, in, pt, pc,
cm, mm, dd, cc, nd, nc, bp, or sp; but yours is a new one!
I'll assume that you meant to say pt, for printer's points.
To recover gracefully from this error, it's best to
delete the erroneous units; e.g., type `2' to delete
two letters. (See Chapter 27 of The TeXbook.)



[24]
! Illegal unit of measure (pt inserted).
<to be read again> 
\hrule 
l.665 
    
Dimensions can be in units of em, ex, in, pt, pc,
cm, mm, dd, cc, nd, nc, bp, or sp; but yours is a new one!
I'll assume that you meant to say pt, for printer's points.
To recover gracefully from this error, it's best to
delete the erroneous units; e.g., type `2' to delete
two letters. (See Chapter 27 of The TeXbook.)

! Illegal unit of measure (pt inserted).
<to be read again> 
}
l.665 
    
Dimensions can be in units of em, ex, in, pt, pc,
cm, mm, dd, cc, nd, nc, bp, or sp; but yours is a new one!
I'll assume that you meant to say pt, for printer's points.
To recover gracefully from this error, it's best to
delete the erroneous units; e.g., type `2' to delete
two letters. (See Chapter 27 of The TeXbook.)



[25]
! Illegal unit of measure (pt inserted).
<to be read again> 
\hrule 
l.673 \chapter
            {References}
Dimensions can be in units of em, ex, in, pt, pc,
cm, mm, dd, cc, nd, nc, bp, or sp; but yours is a new one!
I'll assume that you meant to say pt, for printer's points.
To recover gracefully from this error, it's best to
delete the erroneous units; e.g., type `2' to delete
two letters. (See Chapter 27 of The TeXbook.)

! Illegal unit of measure (pt inserted).
<to be read again> 
}
l.673 \chapter
            {References}
Dimensions can be in units of em, ex, in, pt, pc,
cm, mm, dd, cc, nd, nc, bp, or sp; but yours is a new one!
I'll assume that you meant to say pt, for printer's points.
To recover gracefully from this error, it's best to
delete the erroneous units; e.g., type `2' to delete
two letters. (See Chapter 27 of The TeXbook.)



[26]
No file vasy.bbl.
<../_resources/images/icons/pdf_24.png, id=350, 24.09pt x 24.09pt>
File: ../_resources/images/icons/pdf_24.png Graphic file (type png)
<use ../_resources/images/icons/pdf_24.png>
Package luatex.def Info: ../_resources/images/icons/pdf_24.png  used on input l
ine 704.
(luatex.def)             Requested size: 12.04495pt x 9.53558pt.
File: ../_resources/images/icons/pdf_24.png Graphic file (type png)
<use ../_resources/images/icons/pdf_24.png>
Package luatex.def Info: ../_resources/images/icons/pdf_24.png  used on input l
ine 704.
(luatex.def)             Requested size: 12.04495pt x 9.53558pt.

Underfull \vbox (badness 1484) has occurred while \output is active []



[27

]
File: ../_resources/images/icons/pdf_24.png Graphic file (type png)
<use ../_resources/images/icons/pdf_24.png>
Package luatex.def Info: ../_resources/images/icons/pdf_24.png  used on input l
ine 706.
(luatex.def)             Requested size: 12.04495pt x 9.53558pt.
File: ../_resources/images/icons/pdf_24.png Graphic file (type png)
<use ../_resources/images/icons/pdf_24.png>
Package luatex.def Info: ../_resources/images/icons/pdf_24.png  used on input l
ine 710.
(luatex.def)             Requested size: 12.04495pt x 9.53558pt.
File: ../_resources/images/icons/pdf_24.png Graphic file (type png)
<use ../_resources/images/icons/pdf_24.png>
Package luatex.def Info: ../_resources/images/icons/pdf_24.png  used on input l
ine 714.
(luatex.def)             Requested size: 12.04495pt x 9.53558pt.
File: ../_resources/images/icons/pdf_24.png Graphic file (type png)
<use ../_resources/images/icons/pdf_24.png>
Package luatex.def Info: ../_resources/images/icons/pdf_24.png  used on input l
ine 716.
(luatex.def)             Requested size: 12.04495pt x 9.53558pt.
File: ../_resources/images/icons/pdf_24.png Graphic file (type png)
<use ../_resources/images/icons/pdf_24.png>
Package luatex.def Info: ../_resources/images/icons/pdf_24.png  used on input l
ine 718.
(luatex.def)             Requested size: 12.04495pt x 9.53558pt.
File: ../_resources/images/icons/pdf_24.png Graphic file (type png)
<use ../_resources/images/icons/pdf_24.png>
Package luatex.def Info: ../_resources/images/icons/pdf_24.png  used on input l
ine 720.
(luatex.def)             Requested size: 12.04495pt x 9.53558pt.
File: ../_resources/images/icons/pdf_24.png Graphic file (type png)
<use ../_resources/images/icons/pdf_24.png>
Package luatex.def Info: ../_resources/images/icons/pdf_24.png  used on input l
ine 724.
(luatex.def)             Requested size: 12.04495pt x 9.53558pt.


[28<../_resources/images/icons/pdf_24.png>]
File: ../_resources/images/icons/pdf_24.png Graphic file (type png)
<use ../_resources/images/icons/pdf_24.png>
Package luatex.def Info: ../_resources/images/icons/pdf_24.png  used on input l
ine 726.
(luatex.def)             Requested size: 12.04495pt x 9.53558pt.
File: ../_resources/images/icons/pdf_24.png Graphic file (type png)
<use ../_resources/images/icons/pdf_24.png>
Package luatex.def Info: ../_resources/images/icons/pdf_24.png  used on input l
ine 730.
(luatex.def)             Requested size: 12.04495pt x 9.53558pt.
File: ../_resources/images/icons/pdf_24.png Graphic file (type png)
<use ../_resources/images/icons/pdf_24.png>
Package luatex.def Info: ../_resources/images/icons/pdf_24.png  used on input l
ine 736.
(luatex.def)             Requested size: 12.04495pt x 9.53558pt.


[29] (C:/Data/tMS/books/_resources/book-data/vasy/vasy.aux)
 ***********
LaTeX2e <2024-11-01> patch level 1
L3 programming layer <2024-12-09>
 ***********
Package rerunfilecheck Info: File `vasy.out' has not changed.
(rerunfilecheck)             Checksum: 7774C65D9E8C9C60B621C566A312499E;2081.
)

Here is how much of LuaTeX's memory you used:
 14913 strings out of 475554
 125205,953878 words of node,token memory allocated
 1103 words of node memory still in use:
   3 hlist, 1 vlist, 1 rule, 59 glue, 3 kern, 1 glyph, 61 attribute, 62 glue_spe
c, 61 attribute_list, 1 write nodes
   avail lists: 1:1,2:825,3:441,4:155,5:317,6:56,7:6751,8:2,9:474,10:21,11:404
 37534 multiletter control sequences out of 65536+600000
 71 fonts using 25781743 bytes
 79i,13n,92p,2572b,494s stack positions out of 10000i,1000n,20000p,200000b,200000s
<C:/Program Files/MiKTeX/fonts/truetype/public/gentium-tug/gentiumbookplus-itali
c.ttf><C:/Program Files/MiKTeX/fonts/truetype/public/gentium-tug/gentiumbookplus
-regular.ttf><C:/Program Files/MiKTeX/fonts/truetype/public/gentium-tug/gentiumb
ookplus-bold.ttf><C:/Program Files/MiKTeX/fonts/opentype/public/libertine/linbio
linum_rb.otf><C:/Program Files/MiKTeX/fonts/opentype/public/libertine/linbiolinu
m_r.otf><C:/Users/stuar/AppData/Local/Microsoft/Windows/Fonts/wiswosmallcaps.ttf
>
Output written on vasy.pdf (35 pages, 401315 bytes).

PDF statistics: 438 PDF objects out of 1000 (max. 8388607)
 67 named destinations out of 1000 (max. 131072)
 105 words of extra memory for PDF output out of 10000 (max. 100000000)

