Wed Mar 26 2025 12:31:36 GMT+0000 (Greenwich Mean Time)
Please check the following entries.
Any entries with a key of 'XXXXXXXXXXXXXXXX' should be created in
build-data/sesameMaster.json and tMSBookBuilder.js should be run again for bcbl
[
{
	"sesame": "Aparagoy훮na",
	"key": "DPPN:aparagoy훮na"
},
{
	"sesame": "Jambud카pa",
	"key": "DPPN:jambud카pa"
},
{
	"sesame": "Pubbavideha",
	"key": "DPPN:pubbavideha"
},
{
	"sesame": "Sineru",
	"key": "DPPN:sineru"
},
{
	"sesame": "The Seven Suns Sutta",
	"key": "an-blurbs:an7.66"
},
{
	"sesame": "Uttarakuru",
	"key": "DPPN:uttarakuru"
},
{
	"sesame": "suttas",
	"key": "super-blurbs:sutta"
}
]