Tue Dec 16 2025 15:18:38 GMT+0000 (Greenwich Mean Time):
There are additional maps to add to biblioMap.json
Please add the folowing to the file and run the script again
[
  {
    "zotref": "",
    "bookref": "TEMPORARY ENTRY"
  },
  {
    "zotref": "",
    "bookref": "The Long Discourses of the Buddha"
  },
  {
    "zotref": "",
    "bookref": "What the Buddha Taught"
  },
  {
    "zotref": "",
    "bookref": "Path to Deliverance"
  },
  {
    "zotref": "",
    "bookref": "The Heart of Buddhist Meditation"
  },
  {
    "zotref": "",
    "bookref": "Smith"
  },
  {
    "zotref": "",
    "bookref": "Rāhula"
  },
  {
    "zotref": "",
    "bookref": "Kloppenborg"
  },
  {
    "zotref": "",
    "bookref": "Nakamura"
  },
  {
    "zotref": "",
    "bookref": "Schopen 1997"
  },
  {
    "zotref": "",
    "bookref": "Choong"
  },
  {
    "zotref": "",
    "bookref": "Thiṭṭila"
  },
  {
    "zotref": "",
    "bookref": "Tin"
  },
  {
    "zotref": "",
    "bookref": "Châu"
  },
  {
    "zotref": "",
    "bookref": "Norman 1979"
  },
  {
    "zotref": "",
    "bookref": "Rockhill"
  },
  {
    "zotref": "",
    "bookref": "Watanabe"
  },
  {
    "zotref": "",
    "bookref": "Bodhi 2000"
  },
  {
    "zotref": "",
    "bookref": "Bucknell"
  },
  {
    "zotref": "",
    "bookref": "Bodhi 2000"
  },
  {
    "zotref": "",
    "bookref": "Bodhi 2000"
  }
]