Sat Apr 05 2025 15:27:40 GMT+0100 (British Summer Time)
Please check the following entries.
Any entries with a key of 'XXXXXXXXXXXXXXXX' should be created in
build-data/sesameMaster.json and tMSBookBuilder.js should be run again for ssbl
[
{
	"sesame": "Aṅguttara Nikāya",
	"key": "super-blurbs:an"
},
{
	"sesame": "Dīgha Nikāya",
	"key": "super-blurbs:dn"
},
{
	"sesame": "Majjhima Nikāya",
	"key": "super-blurbs:mn"
},
{
	"sesame": "Middle Length Discourses of the Buddha, note 1177",
	"key": "XXXXXXXXXXXXXXXX"
},
{
	"sesame": "Saṁyutta Nikāya",
	"key": "super-blurbs:sn"
},
{
	"sesame": "Sutta Piṭaka",
	"key": "super-blurbs:sutta"
},
{
	"sesame": "Ānāpānasati Sutta",
	"key": "mn-blurbs:mn118"
}
]