\BOOKMARK [0][-]{chapter*.2}{\376\377\000A\000c\000k\000n\000o\000w\000l\000e\000d\000g\000e\000m\000e\000n\000t\000s}{}% 1
\BOOKMARK [0][-]{chapter*.3}{\376\377\000I\000n\000t\000r\000o\000d\000u\000c\000t\000i\000o\000n}{}% 2
\BOOKMARK [0][-]{chapter*.4}{\376\377\0001\000.\000\040\000W\000h\000a\000t\000\040\000i\000s\000\040\000L\000o\000v\000e\000?}{}% 3
\BOOKMARK [0][-]{chapter*.5}{\376\377\0002\000.\000\040\000T\000w\000o\000\040\000H\000e\000a\000r\000t\000s\000\040\000B\000e\000a\000t\000i\000n\000g\000\040\000a\000s\000\040\000O\000n\000e}{}% 4
\BOOKMARK [0][-]{chapter*.6}{\376\377\0003\000.\000\040\000A\000l\000l\000\040\000i\000n\000\040\000t\000h\000e\000\040\000F\000a\000m\000i\000l\000y}{}% 5
\BOOKMARK [0][-]{chapter*.7}{\376\377\0004\000.\000\040\000U\000n\000t\000i\000l\000\040\000t\000h\000e\000\040\000M\000o\000u\000n\000t\000a\000i\000n\000s\000\040\000a\000r\000e\000\040\000W\000a\000s\000h\000e\000d\000\040\000t\000o\000\040\000t\000h\000e\000\040\000S\000e\000a}{}% 6
\BOOKMARK [0][-]{chapter*.8}{\376\377\0005\000.\000\040\000I\000\040\000W\000a\000s\000\040\000a\000\040\000S\000t\000r\000a\000n\000g\000e\000r\000\040\000a\000n\000d\000\040\000Y\000o\000u\000\040\000T\000o\000o\000k\000\040\000M\000e\000\040\000I\000n}{}% 7
\BOOKMARK [0][-]{chapter*.9}{\376\377\0006\000.\000\040\000F\000i\000r\000m\000\040\000F\000r\000i\000e\000n\000d\000s\000\040\000a\000n\000d\000\040\000T\000r\000u\000e}{}% 8
\BOOKMARK [0][-]{chapter*.10}{\376\377\0007\000.\000\040\000S\000e\000l\000f\000-\000s\000a\000c\000r\000i\000f\000i\000c\000i\000n\000g\000\040\000L\000o\000v\000e}{}% 9
\BOOKMARK [0][-]{chapter*.11}{\376\377\0008\000.\000\040\000F\000o\000r\000b\000i\000d\000d\000e\000n\000\040\000L\000o\000v\000e}{}% 10
\BOOKMARK [0][-]{chapter*.12}{\376\377\0009\000.\000\040\000F\000u\000r\000r\000e\000d\000\040\000a\000n\000d\000\040\000F\000e\000a\000t\000h\000e\000r\000e\000d\000\040\000F\000r\000i\000e\000n\000d\000s}{}% 11
\BOOKMARK [0][-]{chapter*.13}{\376\377\0001\0000\000.\000\040\000T\000h\000a\000t\000\040\000L\000o\000v\000e\000\040\000o\000f\000\040\000W\000h\000i\000c\000h\000\040\000T\000h\000e\000r\000e\000\040\000i\000s\000\040\000N\000o\000n\000e\000\040\000H\000i\000g\000h\000e\000r}{}% 12
\BOOKMARK [0][-]{chapter*.14}{\376\377\0001\0001\000.\000\040\000T\000h\000e\000\040\000B\000r\000a\000h\000m\000a\000\040\000V\000i\000h\000a\000r\000a\000s}{}% 13
\BOOKMARK [0][-]{chapter*.15}{\376\377\0001\0002\000.\000\040\000B\000r\000e\000a\000k\000i\000n\000g\000\040\000D\000o\000w\000n\000\040\000t\000h\000e\000\040\000B\000a\000r\000r\000i\000e\000r\000s}{}% 14
\BOOKMARK [0][-]{chapter*.16}{\376\377\0001\0003\000.\000\040\000M\000o\000r\000e\000\040\000A\000b\000o\000u\000t\000\040\000M\000e\000t\000t\000a\000\040\000M\000e\000d\000i\000t\000a\000t\000i\000o\000n}{}% 15
\BOOKMARK [0][-]{chapter*.17}{\376\377\0001\0004\000.\000\040\000K\000i\000n\000d\000\040\000H\000e\000a\000r\000t\000,\000\040\000C\000l\000e\000a\000r\000\040\000M\000i\000n\000d}{}% 16
\BOOKMARK [0][-]{chapter*.18}{\376\377\0001\0005\000.\000\040\000A\000n\000\040\000A\000d\000o\000r\000n\000e\000d\000\040\000a\000n\000d\000\040\000B\000e\000a\000u\000t\000i\000f\000i\000e\000d\000\040\000M\000i\000n\000d}{}% 17
\BOOKMARK [0][-]{chapter*.19}{\376\377\0001\0006\000.\000\040\000I\000m\000a\000g\000e\000s\000\040\000o\000f\000\040\000L\000o\000v\000e}{}% 18
\BOOKMARK [0][-]{chapter*.20}{\376\377\000A\000p\000p\000.\000\040\000i\000.\000\040\000I\000n\000s\000t\000r\000u\000c\000t\000i\000o\000n\000s\000\040\000f\000o\000r\000\040\000M\000e\000t\000t\000a\000\040\000M\000e\000d\000i\000t\000a\000t\000i\000o\000n}{}% 19
\BOOKMARK [0][-]{chapter*.21}{\376\377\000A\000p\000p\000.\000\040\000i\000i\000.\000\040\000I\000n\000s\000t\000r\000u\000c\000t\000i\000o\000n\000s\000\040\000f\000o\000r\000\040\000M\000i\000n\000d\000f\000u\000l\000n\000e\000s\000s\000\040\000M\000e\000d\000i\000t\000a\000t\000i\000o\000n}{}% 20
\BOOKMARK [0][-]{chapter*.22}{\376\377\000A\000p\000p\000.\000\040\000i\000i\000i\000.\000\040\000L\000o\000v\000e\000,\000\040\000K\000i\000n\000d\000n\000e\000s\000s\000\040\000a\000n\000d\000\040\000C\000o\000m\000p\000a\000s\000s\000i\000o\000n\000\040\000i\000n\000\040\000t\000h\000e\000\040\000E\000a\000r\000l\000y\000\040\000B\000u\000d\000d\000h\000i\000s\000t\000\040\000L\000i\000t\000e\000r\000a\000t\000u\000r\000e\000\040}{}% 21
\BOOKMARK [0][-]{chapter*.23}{\376\377\000R\000e\000f\000e\000r\000e\000n\000c\000e\000s}{}% 22
\BOOKMARK [1][-]{section*.24}{\376\377\000A\000b\000b\000r\000e\000v\000i\000a\000t\000i\000o\000n\000s}{chapter*.23}% 23
\BOOKMARK [1][-]{section*.25}{\376\377\000B\000i\000b\000l\000i\000o\000g\000r\000a\000p\000h\000y}{chapter*.23}% 24
