Fri Mar 21 2025 12:52:52 GMT+0000 (Greenwich Mean Time)
Please check the following entries.
Any entries with a key of 'XXXXXXXXXXXXXXXX' should be created in
build-data/sesameMaster.json and tMSBookBuilder.js should be run again for milk
[
{
	"sesame": "Avalokiteśvara",
	"key": "wp:Avalokiteśvara"
},
{
	"sesame": "Confucius",
	"key": "wp:Confucius"
},
{
	"sesame": "Culla Niddesa",
	"key": "super-blurbs:cnd"
},
{
	"sesame": "Cūlavaṁsa",
	"key": "wp:Cūḷavaṃsa"
},
{
	"sesame": "Divyāvadāna",
	"key": "super-blurbs:divy"
},
{
	"sesame": "Hariti",
	"key": "wp:Hariti"
},
{
	"sesame": "Kāma",
	"key": "wp:Kamadeva"
},
{
	"sesame": "Kāma Sūtra",
	"key": "wp:Kama_Sutra"
},
{
	"sesame": "Kṣitigarbha",
	"key": "wp:Kṣitigarbha"
},
{
	"sesame": "Mahā Niddesa",
	"key": "super-blurbs:mnd"
},
{
	"sesame": "Mahābhārata",
	"key": "wp:Mahabharata"
},
{
	"sesame": "Mahāvastu",
	"key": "super-blurbs:san-lo-mvu"
},
{
	"sesame": "Mahāvaṁsa",
	"key": "wp:Mahāvaṃsa:Geiger 1912a"
},
{
	"sesame": "Maitreya",
	"key": "wp:Maitreya"
},
{
	"sesame": "Mencius",
	"key": "wp:Mencius:Mencius 1970a"
},
{
	"sesame": "Metteyya",
	"key": "wp:Maitreya"
},
{
	"sesame": "Milindapañha",
	"key": "super-blurbs:mil"
},
{
	"sesame": "Motzu",
	"key": "wp:Mozi"
},
{
	"sesame": "Nigrodhamiga Jātaka",
	"key": "ja-blurbs:ja12"
},
{
	"sesame": "Nāgārjuna",
	"key": "wp:Nagarjuna"
},
{
	"sesame": "Pancika",
	"key": "wp:Pañcika"
},
{
	"sesame": "Rāmāyaṇa",
	"key": "wp:Ramayana"
},
{
	"sesame": "Taisho Tripitaka",
	"key": "wp:Taishō_Tripiṭaka"
},
{
	"sesame": "Vism",
	"key": "wp:Visuddhimagga:Ñanamoli 1956a"
},
{
	"sesame": "Xuanzang",
	"key": "wp:Xuanzang"
}
]